0 info it worked if it ends with ok
1 verbose cli [ '/Users/zhangweien/.nvm/versions/node/v6.12.2/bin/node',
1 verbose cli   '/Users/zhangweien/.nvm/versions/node/v6.12.2/bin/npm',
1 verbose cli   'run',
1 verbose cli   'dev' ]
2 info using npm@3.10.10
3 info using node@v6.12.2
4 verbose run-script [ 'predev', 'dev', 'postdev' ]
5 info lifecycle vue-element-admin@4.2.1~predev: vue-element-admin@4.2.1
6 silly lifecycle vue-element-admin@4.2.1~predev: no script for predev, continuing
7 info lifecycle vue-element-admin@4.2.1~dev: vue-element-admin@4.2.1
8 verbose lifecycle vue-element-admin@4.2.1~dev: unsafe-perm in lifecycle true
9 verbose lifecycle vue-element-admin@4.2.1~dev: PATH: /Users/zhangweien/.nvm/versions/node/v6.12.2/lib/node_modules/npm/bin/node-gyp-bin:/Users/zhangweien/Desktop/web/vue/vue_element/vue-element-admin/node_modules/.bin:/Users/zhangweien/.nvm/versions/node/v6.12.2/bin:/usr/local/bin:/usr/bin:/bin:/usr/sbin:/sbin
10 verbose lifecycle vue-element-admin@4.2.1~dev: CWD: /Users/zhangweien/Desktop/web/vue/vue_element/vue-element-admin
11 silly lifecycle vue-element-admin@4.2.1~dev: Args: [ '-c', 'vue-cli-service serve' ]
12 info lifecycle vue-element-admin@4.2.1~dev: Failed to exec dev script
13 verbose stack Error: vue-element-admin@4.2.1 dev: `vue-cli-service serve`
13 verbose stack spawn ENOENT
13 verbose stack     at ChildProcess.<anonymous> (/Users/zhangweien/.nvm/versions/node/v6.12.2/lib/node_modules/npm/lib/utils/spawn.js:33:16)
13 verbose stack     at emitTwo (events.js:106:13)
13 verbose stack     at ChildProcess.emit (events.js:191:7)
13 verbose stack     at maybeClose (internal/child_process.js:920:16)
13 verbose stack     at Process.ChildProcess._handle.onexit (internal/child_process.js:230:5)
14 verbose pkgid vue-element-admin@4.2.1
15 verbose cwd /Users/zhangweien/Desktop/web/vue/vue_element/vue-element-admin
16 error Darwin 18.2.0
17 error argv "/Users/zhangweien/.nvm/versions/node/v6.12.2/bin/node" "/Users/zhangweien/.nvm/versions/node/v6.12.2/bin/npm" "run" "dev"
18 error node v6.12.2
19 error npm  v3.10.10
20 error file sh
21 error code ELIFECYCLE
22 error errno ENOENT
23 error syscall spawn
24 error vue-element-admin@4.2.1 dev: `vue-cli-service serve`
24 error spawn ENOENT
25 error Failed at the vue-element-admin@4.2.1 dev script 'vue-cli-service serve'.
25 error Make sure you have the latest version of node.js and npm installed.
25 error If you do, this is most likely a problem with the vue-element-admin package,
25 error not with npm itself.
25 error Tell the author that this fails on your system:
25 error     vue-cli-service serve
25 error You can get information on how to open an issue for this project with:
25 error     npm bugs vue-element-admin
25 error Or if that isn't available, you can get their info via:
25 error     npm owner ls vue-element-admin
25 error There is likely additional logging output above.
26 verbose exit [ 1, true ]
